=== Skill Pipeline Execution Log ===
Timestamp: 2026-03-10 01:30:00 CST
Batch ID: batch-2026-03-10-1

[INFO] Starting daily Skill batch generation task
[INFO] Target: Generate 5 high-value Skills

--- Phase 1: Market Analysis ---
[OK] Analyzed existing 30 Skills in registry
[OK] Identified 5 high-value opportunities:
     1. ssl-certificate-checker (Security) - $5
     2. http-headers-analyzer (Security) - $4
     3. cron-expression-parser (DevTools) - $3
     4. docker-compose-validator (DevOps) - $6
     5. json-path-query (DevTools) - $5

--- Phase 2: Skill Generation ---
[OK] Generated 01-ssl-certificate-checker_SKILL.md (4620 bytes)
[OK] Generated 02-http-headers-analyzer_SKILL.md (5322 bytes)
[OK] Generated 03-cron-expression-parser_SKILL.md (6882 bytes)
[OK] Generated 04-docker-compose-validator_SKILL.md (7596 bytes)
[OK] Generated 05-json-path-query_SKILL.md (7183 bytes)
[OK] All 5 SKILL.md files generated successfully

--- Phase 3: GitHub Publication ---
[OK] Cloned repository https://github.com/LeonardoDpanda/clawhub-skills
[OK] Copied 5 SKILL.md files to repository
[OK] Created git commit: "feat: add 5 new Skills - 2026-03-10 batch"
[WARN] Git push failed - Authentication required
[TODO] Manual GitHub push required (commit ready in /tmp/clawhub-skills)

--- Phase 4: ClawHub Publication ---
[INFO] ClawHub CLI not available in environment
[TODO] Manual ClawHub publication required after GitHub push

--- Phase 5: Gumroad Monetization ---
[INFO] Skipped (Phase 1 verification mode)
[TODO] Create Gumroad products after ClawHub publication

--- Phase 6: Registry Update ---
[OK] Updated memory/skill-registry.json
[OK] Added batch-2026-03-10-1 with 5 Skills
[OK] Updated stats: totalGenerated=35, totalBatches=6

--- Summary ---
Skills Generated: 5/5 ✅
GitHub Push: 0/5 ⚠️ (needs auth)
ClawHub Publish: 0/5 ⏳ (pending)
Gumroad Create: 0/5 ⏳ (pending)
Registry Update: ✅

Batch Value: $23 USD total pricing
Next Run: 2026-03-11 01:00 CST

=== End of Log ===
